2020-02-07T14:24:52.790Z [warn] WARNING: {{bem}} was not converted as it has positional parameters which can't be automatically converted. Source: app/templates/components/mobiledoc/renderer.hbs
2020-02-07T14:24:52.821Z [warn] WARNING: {{bem}} was not converted as it has positional parameters which can't be automatically converted. Source: app/templates/components/project-detail/header.hbs
2020-02-07T14:24:52.822Z [warn] WARNING: {{bem}} was not converted as it has positional parameters which can't be automatically converted. Source: app/templates/components/project-detail/header.hbs
2020-02-07T14:24:52.822Z [warn] WARNING: {{bem}} was not converted as it has positional parameters which can't be automatically converted. Source: app/templates/components/project-detail/header.hbs
2020-02-07T14:24:52.822Z [warn] WARNING: {{bem}} was not converted as it has positional parameters which can't be automatically converted. Source: app/templates/components/project-detail/header.hbs
2020-02-07T14:24:52.822Z [warn] WARNING: {{bem}} was not converted as it has positional parameters which can't be automatically converted. Source: app/templates/components/project-detail/header.hbs
2020-02-07T14:24:52.830Z [warn] WARNING: {{bem}} was not converted as it has positional parameters which can't be automatically converted. Source: app/templates/components/project-detail/summary.hbs
2020-02-07T14:24:52.830Z [warn] WARNING: {{bem}} was not converted as it has positional parameters which can't be automatically converted. Source: app/templates/components/project-detail/summary.hbs
2020-02-07T14:24:52.830Z [warn] WARNING: {{bem}} was not converted as it has positional parameters which can't be automatically converted. Source: app/templates/components/project-detail/summary.hbs
2020-02-07T14:24:52.861Z [warn] WARNING: {{bem}} was not converted as it has positional parameters which can't be automatically converted. Source: app/templates/components/project-list/preview.hbs
2020-02-07T14:24:52.861Z [warn] WARNING: {{bem}} was not converted as it has positional parameters which can't be automatically converted. Source: app/templates/components/project-list/preview.hbs
2020-02-07T14:24:52.861Z [warn] WARNING: {{bem}} was not converted as it has positional parameters which can't be automatically converted. Source: app/templates/components/project-list/preview.hbs
2020-02-07T14:24:52.861Z [warn] WARNING: {{bem}} was not converted as it has positional parameters which can't be automatically converted. Source: app/templates/components/project-list/preview.hbs
2020-02-07T14:24:52.861Z [warn] WARNING: {{index-number}} was not converted as it has positional parameters which can't be automatically converted. Source: app/templates/components/project-list/preview.hbs
2020-02-07T14:24:52.862Z [warn] WARNING: {{bem}} was not converted as it has positional parameters which can't be automatically converted. Source: app/templates/components/project-list/preview.hbs
2020-02-07T14:24:52.862Z [warn] WARNING: {{bem}} was not converted as it has positional parameters which can't be automatically converted. Source: app/templates/components/project-list/preview.hbs
2020-02-07T14:24:52.862Z [warn] WARNING: {{bem}} was not converted as it has positional parameters which can't be automatically converted. Source: app/templates/components/project-list/preview.hbs
2020-02-07T14:24:52.907Z [warn] WARNING: {{bem}} was not converted as it has positional parameters which can't be automatically converted. Source: app/templates/components/session/sign-in.hbs
2020-02-07T14:24:52.918Z [warn] WARNING: {{bem}} was not converted as it has positional parameters which can't be automatically converted. Source: app/templates/components/application/header/logo.hbs
2020-02-07T14:24:52.919Z [warn] WARNING: {{bem}} was not converted as it has positional parameters which can't be automatically converted. Source: app/templates/components/application/header/logo.hbs
2020-02-07T14:24:53.436Z [warn] WARNING: {{boolean-label}} was not converted as it has positional parameters which can't be automatically converted. Source: app/templates/admin/projects/index.hbs
2020-02-07T14:24:53.540Z [warn] WARNING: {{bem}} was not converted as it has positional parameters which can't be automatically converted. Source: app/templates/components/admin-form.hbs
2020-02-07T14:24:53.577Z [warn] WARNING: {{bem}} was not converted as it has positional parameters which can't be automatically converted. Source: app/templates/components/project-list.hbs
2020-02-07T14:24:53.577Z [warn] WARNING: {{bem}} was not converted as it has positional parameters which can't be automatically converted. Source: app/templates/components/project-list.hbs
2020-02-07T14:24:53.599Z [warn] WARNING: {{bem}} was not converted as it has positional parameters which can't be automatically converted. Source: app/templates/components/project-detail.hbs
2020-02-07T14:24:53.600Z [warn] WARNING: {{bem}} was not converted as it has positional parameters which can't be automatically converted. Source: app/templates/components/project-detail.hbs
2020-02-07T14:24:53.600Z [warn] WARNING: {{bem}} was not converted as it has positional parameters which can't be automatically converted. Source: app/templates/components/project-detail.hbs
2020-02-07T14:24:53.622Z [warn] WARNING: {{bem}} was not converted as it has positional parameters which can't be automatically converted. Source: app/templates/components/application.hbs
2020-02-07T14:24:53.718Z [warn] WARNING: {{bem}} was not converted as it has positional parameters which can't be automatically converted. Source: app/templates/components/application/footer.hbs
2020-02-07T14:24:53.718Z [warn] WARNING: {{bem}} was not converted as it has positional parameters which can't be automatically converted. Source: app/templates/components/application/footer.hbs
2020-02-07T14:24:53.719Z [warn] WARNING: {{bem}} was not converted as it has positional parameters which can't be automatically converted. Source: app/templates/components/application/footer.hbs
2020-02-07T14:24:53.719Z [warn] WARNING: {{bem}} was not converted as it has positional parameters which can't be automatically converted. Source: app/templates/components/application/footer.hbs
2020-02-07T14:24:53.719Z [warn] WARNING: {{bem}} was not converted as it has positional parameters which can't be automatically converted. Source: app/templates/components/application/footer.hbs
2020-02-07T14:24:53.719Z [warn] WARNING: {{bem}} was not converted as it has positional parameters which can't be automatically converted. Source: app/templates/components/application/footer.hbs
2020-02-07T14:24:53.719Z [warn] WARNING: {{bem}} was not converted as it has positional parameters which can't be automatically converted. Source: app/templates/components/application/footer.hbs
2020-02-07T14:24:53.764Z [warn] WARNING: {{bem}} was not converted as it has positional parameters which can't be automatically converted. Source: app/templates/components/application/header.hbs
2020-02-07T14:24:53.764Z [warn] WARNING: {{bem}} was not converted as it has positional parameters which can't be automatically converted. Source: app/templates/components/application/header.hbs
2020-02-07T14:24:53.764Z [warn] WARNING: {{bem}} was not converted as it has positional parameters which can't be automatically converted. Source: app/templates/components/application/header.hbs
2020-02-07T14:24:53.902Z [warn] WARNING: {{fn}} was not converted as it has positional parameters which can't be automatically converted. Source: app/templates/components/mobiledoc/editor.hbs
2020-02-07T14:24:53.902Z [warn] WARNING: {{bem}} was not converted as it has positional parameters which can't be automatically converted. Source: app/templates/components/mobiledoc/editor.hbs
2020-02-07T14:24:53.902Z [warn] WARNING: {{bem}} was not converted as it has positional parameters which can't be automatically converted. Source: app/templates/components/mobiledoc/editor.hbs
2020-02-07T14:24:53.903Z [warn] WARNING: {{bem}} was not converted as it has positional parameters which can't be automatically converted. Source: app/templates/components/mobiledoc/editor.hbs
2020-02-07T14:24:53.903Z [warn] WARNING: {{bem}} was not converted as it has positional parameters which can't be automatically converted. Source: app/templates/components/mobiledoc/editor.hbs
2020-02-07T14:24:53.903Z [warn] WARNING: {{bem}} was not converted as it has positional parameters which can't be automatically converted. Source: app/templates/components/mobiledoc/editor.hbs
2020-02-07T14:24:53.903Z [warn] WARNING: {{bem}} was not converted as it has positional parameters which can't be automatically converted. Source: app/templates/components/mobiledoc/editor.hbs
2020-02-07T14:24:53.903Z [warn] WARNING: {{bem}} was not converted as it has positional parameters which can't be automatically converted. Source: app/templates/components/mobiledoc/editor.hbs
2020-02-07T14:24:53.903Z [warn] WARNING: {{bem}} was not converted as it has positional parameters which can't be automatically converted. Source: app/templates/components/mobiledoc/editor.hbs
2020-02-07T14:24:53.904Z [warn] WARNING: {{bem}} was not converted as it has positional parameters which can't be automatically converted. Source: app/templates/components/mobiledoc/editor.hbs
2020-02-07T14:24:53.904Z [warn] WARNING: {{bem}} was not converted as it has positional parameters which can't be automatically converted. Source: app/templates/components/mobiledoc/editor.hbs
2020-02-07T14:24:53.904Z [warn] WARNING: {{bem}} was not converted as it has positional parameters which can't be automatically converted. Source: app/templates/components/mobiledoc/editor.hbs
2020-02-07T14:24:53.904Z [warn] WARNING: {{bem}} was not converted as it has positional parameters which can't be automatically converted. Source: app/templates/components/mobiledoc/editor.hbs
2020-02-07T14:24:53.904Z [warn] WARNING: {{bem}} was not converted as it has positional parameters which can't be automatically converted. Source: app/templates/components/mobiledoc/editor.hbs
2020-02-07T14:24:53.904Z [warn] WARNING: {{bem}} was not converted as it has positional parameters which can't be automatically converted. Source: app/templates/components/mobiledoc/editor.hbs
2020-02-07T14:24:53.904Z [warn] WARNING: {{bem}} was not converted as it has positional parameters which can't be automatically converted. Source: app/templates/components/mobiledoc/editor.hbs
